\BOOKMARK [1][-]{section.1}{Changelog}{}% 1
\BOOKMARK [2][-]{subsection.1.1}{Multiple Outgoing Queues}{section.1}% 2
\BOOKMARK [2][-]{subsection.1.2}{Missing Methods}{section.1}% 3
\BOOKMARK [2][-]{subsection.1.3}{Clear Message}{section.1}% 4
\BOOKMARK [2][-]{subsection.1.4}{Tighter Grammar Specifications}{section.1}% 5
\BOOKMARK [1][-]{section.2}{User Functionality Abstract}{}% 6
\BOOKMARK [2][-]{subsection.2.1}{Components}{section.2}% 7
\BOOKMARK [3][-]{subsubsection.2.1.1}{Selector}{subsection.2.1}% 8
\BOOKMARK [3][-]{subsubsection.2.1.2}{Board Editors}{subsection.2.1}% 9
\BOOKMARK [3][-]{subsubsection.2.1.3}{Thickness Selector}{subsection.2.1}% 10
\BOOKMARK [3][-]{subsubsection.2.1.4}{Color Selector}{subsection.2.1}% 11
\BOOKMARK [3][-]{subsubsection.2.1.5}{Erasing Tools}{subsection.2.1}% 12
\BOOKMARK [3][-]{subsubsection.2.1.6}{Whiteboard Window}{subsection.2.1}% 13
\BOOKMARK [2][-]{subsection.2.2}{Behavior}{section.2}% 14
\BOOKMARK [1][-]{section.3}{Server-Client Communication}{}% 15
\BOOKMARK [2][-]{subsection.3.1}{Protocol}{section.3}% 16
\BOOKMARK [3][-]{subsubsection.3.1.1}{Grammar}{subsection.3.1}% 17
\BOOKMARK [3][-]{subsubsection.3.1.2}{Definitions and Usage}{subsection.3.1}% 18
\BOOKMARK [2][-]{subsection.3.2}{Data Transport}{section.3}% 19
\BOOKMARK [1][-]{section.4}{Data Type}{}% 20
\BOOKMARK [2][-]{subsection.4.1}{MasterBoard}{section.4}% 21
\BOOKMARK [3][-]{subsubsection.4.1.1}{Description}{subsection.4.1}% 22
\BOOKMARK [3][-]{subsubsection.4.1.2}{Fields}{subsection.4.1}% 23
\BOOKMARK [3][-]{subsubsection.4.1.3}{Methods}{subsection.4.1}% 24
\BOOKMARK [3][-]{subsubsection.4.1.4}{In Action}{subsection.4.1}% 25
\BOOKMARK [2][-]{subsection.4.2}{User}{section.4}% 26
\BOOKMARK [3][-]{subsubsection.4.2.1}{Description}{subsection.4.2}% 27
\BOOKMARK [3][-]{subsubsection.4.2.2}{Fields}{subsection.4.2}% 28
\BOOKMARK [3][-]{subsubsection.4.2.3}{Methods}{subsection.4.2}% 29
\BOOKMARK [2][-]{subsection.4.3}{WhiteLine}{section.4}% 30
\BOOKMARK [3][-]{subsubsection.4.3.1}{Description}{subsection.4.3}% 31
\BOOKMARK [3][-]{subsubsection.4.3.2}{Fields}{subsection.4.3}% 32
\BOOKMARK [3][-]{subsubsection.4.3.3}{Methods}{subsection.4.3}% 33
\BOOKMARK [2][-]{subsection.4.4}{ClientBoard}{section.4}% 34
\BOOKMARK [3][-]{subsubsection.4.4.1}{Description}{subsection.4.4}% 35
\BOOKMARK [3][-]{subsubsection.4.4.2}{Fields}{subsection.4.4}% 36
\BOOKMARK [3][-]{subsubsection.4.4.3}{Methods}{subsection.4.4}% 37
\BOOKMARK [2][-]{subsection.4.5}{ClientView extends JPanel}{section.4}% 38
\BOOKMARK [3][-]{subsubsection.4.5.1}{Description}{subsection.4.5}% 39
\BOOKMARK [3][-]{subsubsection.4.5.2}{Fields}{subsection.4.5}% 40
\BOOKMARK [3][-]{subsubsection.4.5.3}{Methods}{subsection.4.5}% 41
\BOOKMARK [2][-]{subsection.4.6}{Board Switching}{section.4}% 42
\BOOKMARK [1][-]{section.5}{Threads and Queues}{}% 43
\BOOKMARK [1][-]{section.6}{Thread Safety}{}% 44
\BOOKMARK [2][-]{subsection.6.1}{Processes}{section.6}% 45
\BOOKMARK [3][-]{subsubsection.6.1.1}{Adding New Users}{subsection.6.1}% 46
\BOOKMARK [3][-]{subsubsection.6.1.2}{Adding and Removing Boards}{subsection.6.1}% 47
\BOOKMARK [3][-]{subsubsection.6.1.3}{Drawing Strokes}{subsection.6.1}% 48
\BOOKMARK [3][-]{subsubsection.6.1.4}{Selecting Boards}{subsection.6.1}% 49
\BOOKMARK [2][-]{subsection.6.2}{Averted Race Conditions}{section.6}% 50
\BOOKMARK [3][-]{subsubsection.6.2.1}{New Board and New User}{subsection.6.2}% 51
\BOOKMARK [3][-]{subsubsection.6.2.2}{Remove Board and New User}{subsection.6.2}% 52
\BOOKMARK [3][-]{subsubsection.6.2.3}{Concurrent Strokes}{subsection.6.2}% 53
\BOOKMARK [3][-]{subsubsection.6.2.4}{Atomic ID Generation}{subsection.6.2}% 54
\BOOKMARK [2][-]{subsection.6.3}{Thread-Safe Collections}{section.6}% 55
\BOOKMARK [1][-]{section.7}{Testing}{}% 56
\BOOKMARK [2][-]{subsection.7.1}{Constructor Testing}{section.7}% 57
\BOOKMARK [3][-]{subsubsection.7.1.1}{New Board}{subsection.7.1}% 58
\BOOKMARK [3][-]{subsubsection.7.1.2}{New User}{subsection.7.1}% 59
\BOOKMARK [2][-]{subsection.7.2}{Normal Functionality}{section.7}% 60
\BOOKMARK [3][-]{subsubsection.7.2.1}{Loading a Board}{subsection.7.2}% 61
\BOOKMARK [3][-]{subsubsection.7.2.2}{Creating a New Board}{subsection.7.2}% 62
\BOOKMARK [3][-]{subsubsection.7.2.3}{Deleting a Board}{subsection.7.2}% 63
\BOOKMARK [3][-]{subsubsection.7.2.4}{Choosing Stroke Thickness}{subsection.7.2}% 64
\BOOKMARK [3][-]{subsubsection.7.2.5}{Choosing Stroke Color}{subsection.7.2}% 65
\BOOKMARK [3][-]{subsubsection.7.2.6}{"More Colors" Button}{subsection.7.2}% 66
\BOOKMARK [3][-]{subsubsection.7.2.7}{"Erase" Button}{subsection.7.2}% 67
\BOOKMARK [3][-]{subsubsection.7.2.8}{"Clear" Button}{subsection.7.2}% 68
\BOOKMARK [3][-]{subsubsection.7.2.9}{Drawing on a Whiteboard}{subsection.7.2}% 69
\BOOKMARK [3][-]{subsubsection.7.2.10}{Concurrent Board Operations}{subsection.7.2}% 70
\BOOKMARK [3][-]{subsubsection.7.2.11}{User Disconnect}{subsection.7.2}% 71
